#
# A fatal error has been detected by the Java Runtime Environment:
#
#  EXCEPTION_ACCESS_VIOLATION (0xc0000005) at pc=0x00007ffd69d218d0, pid=24344, tid=16160
#
# JRE version: Java(TM) SE Runtime Environment (19.0.2+7) (build 19.0.2+7-44)
# Java VM: Java HotSpot(TM) 64-Bit Server VM (19.0.2+7-44, mixed mode, sharing, tiered, compressed oops, compressed class ptrs, g1 gc, windows-amd64)
# Problematic frame:
# V  [jvm.dll+0x3c18d0]
#
# No core dump will be written. Minidumps are not enabled by default on client versions of Windows
#
# If you would like to submit a bug report, please visit:
#   https://bugreport.java.com/bugreport/crash.jsp
#

---------------  S U M M A R Y ------------

Command Line: -javaagent:C:\Program Files\JetBrains\IntelliJ IDEA Community Edition 2022.3.2\lib\idea_rt.jar=50364:C:\Program Files\JetBrains\IntelliJ IDEA Community Edition 2022.3.2\bin -Dfile.encoding=UTF-8 -Dsun.stdout.encoding=UTF-8 -Dsun.stderr.encoding=UTF-8 com.example.juicesinc_backend.JuicesincBackendApplication

Host: Intel(R) Core(TM) i7-8750H CPU @ 2.20GHz, 12 cores, 11G,  Windows 11 , 64 bit Build 22621 (10.0.22621.3958)
Time: Thu Sep 12 23:06:04 2024 Sri Lanka Standard Time elapsed time: 884.389988 seconds (0d 0h 14m 44s)

---------------  T H R E A D  ---------------

Current thread (0x0000018cff7e5a70):  JavaThread "C2 CompilerThread1" daemon [_thread_in_native, id=16160, stack(0x0000002903700000,0x0000002903800000)]


Current CompileTask:
C2: 884390 6935       4       org.springframework.util.StringUtils::cleanPath (346 bytes)

Stack: [0x0000002903700000,0x0000002903800000],  sp=0x00000029037fbe50,  free space=1007k
Native frames: (J=compiled Java code, j=interpreted, Vv=VM code, C=native code)
V  [jvm.dll+0x3c18d0]
V  [jvm.dll+0x3bae71]
V  [jvm.dll+0x1ee2d8]
V  [jvm.dll+0x24c52b]
V  [jvm.dll+0x24b781]
V  [jvm.dll+0x1d6ce1]
V  [jvm.dll+0x25b25a]
V  [jvm.dll+0x2596e8]
V  [jvm.dll+0x807588]
V  [jvm.dll+0x80125a]
V  [jvm.dll+0x6ecf0b]
C  [ucrtbase.dll+0x29333]
C  [KERNEL32.DLL+0x1257d]
C  [ntdll.dll+0x5af28]


siginfo: EXCEPTION_ACCESS_VIOLATION (0xc0000005), reading address 0x00007fed6a539070


Registers:
RAX=0x0000000000000000, RBX=0x000000000000000b, RCX=0x0000000000000000, RDX=0x00007fed6a539070
RSP=0x00000029037fbe50, RBP=0x00007ffd6a539070, RSI=0x0000000000000d2c, RDI=0x00000029037fbea0
R8 =0x0000018cff9ee720, R9 =0x0000000000000004, R10=0x0000018cfe6a79b8, R11=0x00000029037fb900
R12=0x0000000000000000, R13=0x00000000000003d8, R14=0x000000000000002c, R15=0x00007ffd6a539070
RIP=0x00007ffd69d218d0, EFLAGS=0x0000000000010246


Register to memory mapping:

RIP=0x00007ffd69d218d0 jvm.dll
RAX=0x0 is NULL
RBX=0x000000000000000b is an unknown value
RCX=0x0 is NULL
RDX=0x00007fed6a539070 is an unknown value
RSP=0x00000029037fbe50 is pointing into the stack for thread: 0x0000018cff7e5a70
RBP=0x00007ffd6a539070 jvm.dll
RSI=0x0000000000000d2c is an unknown value
RDI=0x00000029037fbea0 is pointing into the stack for thread: 0x0000018cff7e5a70
R8 =0x0000018cff9ee720 points into unknown readable memory: 0x0000000e00000002 | 02 00 00 00 0e 00 00 00
R9 =0x0000000000000004 is an unknown value
R10=0x0000018cfe6a79b8 points into unknown readable memory: 0x0000000000000000 | 00 00 00 00 00 00 00 00
R11=0x00000029037fb900 is pointing into the stack for thread: 0x0000018cff7e5a70
R12=0x0 is NULL
R13=0x00000000000003d8 is an unknown value
R14=0x000000000000002c is an unknown value
R15=0x00007ffd6a539070 jvm.dll


Top of Stack: (sp=0x00000029037fbe50)
0x00000029037fbe50:   0000000000000398 0000018cffb63e00
0x00000029037fbe60:   0000018cfe1ce8a0 00007ffd6a2ffc18
0x00000029037fbe70:   0000000000000d2c 00007ffd69d1ae71
0x00000029037fbe80:   0000018cff9ee400 00000029037fbfc0
0x00000029037fbe90:   0000000000000d2c 0000018cffb63e40
0x00000029037fbea0:   0000000000000000 0000000400000000
0x00000029037fbeb0:   0000000e00000000 00007fed6a539070
0x00000029037fbec0:   0000018cfea43ef0 0000018cff9ee720
0x00000029037fbed0:   0000000000000001 0000000000000000
0x00000029037fbee0:   00000029037fbff0 00007ffd69b4e2d8
0x00000029037fbef0:   00000029037fc370 0000018cff150150
0x00000029037fbf00:   00000029037fc450 0000018cff150140
0x00000029037fbf10:   0000000000000000 0000000000000010
0x00000029037fbf20:   0000018c00000007 0000018cff150140
0x00000029037fbf30:   0000018c95004f70 0000018c9500af20
0x00000029037fbf40:   0000018c9500cf58 00000000003eb030 

Instructions: (pc=0x00007ffd69d218d0)
0x00007ffd69d217d0:   48 8b 8e b8 08 00 00 48 85 c9 75 0c e8 af 0a 00
0x00007ffd69d217e0:   00 48 8b 8e b8 08 00 00 48 8b 01 0f 57 c0 48 89
0x00007ffd69d217f0:   86 b8 08 00 00 0f 11 01 0f 11 41 10 0f 10 45 00
0x00007ffd69d21800:   0f 11 01 0f 10 4d 10 0f 11 49 10 48 8b 43 08 49
0x00007ffd69d21810:   89 0c 06 48 8d 0d 56 78 81 00 ff c7 ba 68 00 00
0x00007ffd69d21820:   00 3b bb 90 00 00 00 0f 82 63 ff ff ff 4c 8b 74
0x00007ffd69d21830:   24 60 4c 8b 64 24 58 48 8b 6c 24 50 48 8b c3 48
0x00007ffd69d21840:   83 c4 20 41 5f 41 5d 5f 5e 5b c3 cc cc cc cc cc
0x00007ffd69d21850:   48 89 74 24 18 57 48 83 ec 20 8b 51 0c 48 8b f9
0x00007ffd69d21860:   83 fa 04 73 29 48 8b 49 18 0f 1f 80 00 00 00 00
0x00007ffd69d21870:   8b c2 44 8d 4a 01 48 83 3c c1 00 4c 8d 14 c1 0f
0x00007ffd69d21880:   85 91 00 00 00 41 8b d1 41 83 f9 04 72 e2 48 89
0x00007ffd69d21890:   5c 24 30 8b 5f 10 48 89 6c 24 38 3b 5f 14 73 5f
0x00007ffd69d218a0:   48 8d 2d c9 77 81 00 66 0f 1f 84 00 00 00 00 00
0x00007ffd69d218b0:   48 8b 47 20 8b cb 48 8b 14 c8 48 3b d5 74 39 33
0x00007ffd69d218c0:   c0 48 89 57 18 33 c9 66 0f 1f 84 00 00 00 00 00
0x00007ffd69d218d0:   48 83 3c 11 00 44 8d 48 01 75 78 48 83 c1 08 41
0x00007ffd69d218e0:   8b c1 41 83 f9 04 72 e8 48 8b 4f 28 48 85 c9 74
0x00007ffd69d218f0:   07 8b d3 e8 58 01 00 00 ff c3 3b 5f 14 72 b1 33
0x00007ffd69d21900:   c0 48 8b 5c 24 30 48 8b 6c 24 38 48 8b 74 24 40
0x00007ffd69d21910:   48 83 c4 20 5f c3 8b 47 10 48 8b 74 24 40 44 8d
0x00007ffd69d21920:   04 82 41 c1 e0 06 41 81 c0 00 ff ff ff 44 89 47
0x00007ffd69d21930:   08 49 8b 12 48 0f bc c2 44 89 4f 0c 8b c8 48 d3
0x00007ffd69d21940:   ea 48 ff ca 41 03 c0 48 89 17 89 47 08 48 83 c4
0x00007ffd69d21950:   20 5f c3 8b c8 44 8d 04 98 41 c1 e0 06 8d 43 01
0x00007ffd69d21960:   44 89 47 08 48 8b 14 ca 89 47 10 48 0f bc c2 44
0x00007ffd69d21970:   89 4f 0c 8b c8 48 d3 ea 48 ff ca 41 03 c0 48 89
0x00007ffd69d21980:   17 89 47 08 e9 78 ff ff ff cc cc cc cc cc cc cc
0x00007ffd69d21990:   40 53 48 83 ec 20 65 48 8b 04 25 58 00 00 00 8b
0x00007ffd69d219a0:   0d 83 b0 85 00 48 8b 1c c8 b8 68 00 00 00 80 3c
0x00007ffd69d219b0:   18 00 75 05 e8 87 1e 4f 00 b8 28 00 00 00 48 8b
0x00007ffd69d219c0:   04 18 48 8b 88 38 05 00 00 48 8b 99 80 00 00 00 


Stack slot to memory mapping:
stack at sp + 0 slots: 0x0000000000000398 is an unknown value
stack at sp + 1 slots: 0x0000018cffb63e00 points into unknown readable memory: 0x4c5b002d13390002 | 02 00 39 13 2d 00 5b 4c
stack at sp + 2 slots: 0x0000018cfe1ce8a0 points into unknown readable memory: 0x0000000000000000 | 00 00 00 00 00 00 00 00
stack at sp + 3 slots: 0x00007ffd6a2ffc18 jvm.dll
stack at sp + 4 slots: 0x0000000000000d2c is an unknown value
stack at sp + 5 slots: 0x00007ffd69d1ae71 jvm.dll
stack at sp + 6 slots: 0x0000018cff9ee400 points into unknown readable memory: 0x0000000e0000000c | 0c 00 00 00 0e 00 00 00
stack at sp + 7 slots: 0x00000029037fbfc0 is pointing into the stack for thread: 0x0000018cff7e5a70


---------------  P R O C E S S  ---------------

Threads class SMR info:
_java_thread_list=0x0000018cff17e290, length=26, elements={
0x0000018cfdfc2520, 0x0000018cfdfc2f20, 0x0000018cfdfc7ca0, 0x0000018cfdfeb310,
0x0000018cfdfef870, 0x0000018cfdff1de0, 0x0000018cfdffb600, 0x0000018cfe003b90,
0x0000018cfdff2330, 0x0000018cfdff3320, 0x0000018cfdff0df0, 0x0000018cfdff1890,
0x0000018c936d33c0, 0x0000018c936d5e40, 0x0000018c936cf950, 0x0000018c94af2550,
0x0000018c94af3540, 0x0000018c94aefad0, 0x0000018c94af0ac0, 0x0000018cff7e5a70,
0x0000018c93b9b8f0, 0x0000018c94aed050, 0x0000018c94aeeae0, 0x0000018c94aed5a0,
0x0000018c94af1560, 0x0000018c94aedaf0
}

Java Threads: ( => current thread )
  0x0000018cfdfc2520 JavaThread "Reference Handler" daemon [_thread_blocked, id=24412, stack(0x0000002902900000,0x0000002902a00000)]
  0x0000018cfdfc2f20 JavaThread "Finalizer" daemon [_thread_blocked, id=14168, stack(0x0000002902a00000,0x0000002902b00000)]
  0x0000018cfdfc7ca0 JavaThread "Signal Dispatcher" daemon [_thread_blocked, id=10800, stack(0x0000002902b00000,0x0000002902c00000)]
  0x0000018cfdfeb310 JavaThread "Attach Listener" daemon [_thread_blocked, id=12748, stack(0x0000002902c00000,0x0000002902d00000)]
  0x0000018cfdfef870 JavaThread "Service Thread" daemon [_thread_blocked, id=3896, stack(0x0000002902d00000,0x0000002902e00000)]
  0x0000018cfdff1de0 JavaThread "Monitor Deflation Thread" daemon [_thread_blocked, id=22244, stack(0x0000002902e00000,0x0000002902f00000)]
  0x0000018cfdffb600 JavaThread "C2 CompilerThread0" daemon [_thread_in_native, id=5552, stack(0x0000002902f00000,0x0000002903000000)]
  0x0000018cfe003b90 JavaThread "C1 CompilerThread0" daemon [_thread_in_native, id=23884, stack(0x0000002903000000,0x0000002903100000)]
  0x0000018cfdff2330 JavaThread "Sweeper thread" daemon [_thread_blocked, id=21128, stack(0x0000002903100000,0x0000002903200000)]
  0x0000018cfdff3320 JavaThread "Common-Cleaner" daemon [_thread_blocked, id=22480, stack(0x0000002903200000,0x0000002903300000)]
  0x0000018cfdff0df0 JavaThread "Monitor Ctrl-Break" daemon [_thread_in_native, id=22996, stack(0x0000002903400000,0x0000002903500000)]
  0x0000018cfdff1890 JavaThread "Notification Thread" daemon [_thread_blocked, id=21520, stack(0x0000002903500000,0x0000002903600000)]
  0x0000018c936d33c0 JavaThread "Jndi-Dns-address-change-listener" daemon [_thread_in_native, id=20832, stack(0x0000002904700000,0x0000002904800000)]
  0x0000018c936d5e40 JavaThread "BufferPoolPruner-1-thread-1" daemon [_thread_blocked, id=10348, stack(0x0000002903300000,0x0000002903400000)]
  0x0000018c936cf950 JavaThread "Live Reload Server" daemon [_thread_in_native, id=24332, stack(0x0000002905200000,0x0000002905300000)]
  0x0000018c94af2550 JavaThread "DestroyJavaVM" [_thread_blocked, id=14664, stack(0x0000002902200000,0x0000002902300000)]
  0x0000018c94af3540 JavaThread "Thread-4" [_thread_blocked, id=21896, stack(0x0000002901f00000,0x0000002902000000)]
  0x0000018c94aefad0 JavaThread "File Watcher" daemon [_thread_blocked, id=7696, stack(0x0000002902100000,0x0000002902200000)]
  0x0000018c94af0ac0 JavaThread "restartedMain" [_thread_in_native, id=19788, stack(0x0000002903800000,0x0000002903900000)]
=>0x0000018cff7e5a70 JavaThread "C2 CompilerThread1" daemon [_thread_in_native, id=16160, stack(0x0000002903700000,0x0000002903800000)]
  0x0000018c93b9b8f0 JavaThread "C2 CompilerThread2" daemon [_thread_in_native, id=8132, stack(0x0000002903f00000,0x0000002904000000)]
  0x0000018c94aed050 JavaThread "Catalina-utility-1" [_thread_blocked, id=20660, stack(0x0000002904500000,0x0000002904600000)]
  0x0000018c94aeeae0 JavaThread "Catalina-utility-2" [_thread_blocked, id=11100, stack(0x0000002904600000,0x0000002904700000)]
  0x0000018c94aed5a0 JavaThread "container-1" [_thread_blocked, id=22912, stack(0x0000002904800000,0x0000002904900000)]
  0x0000018c94af1560 JavaThread "cluster-ClusterId{value='66e3268402c2891b8598733f', description='null'}-localhost:27017" daemon [_thread_blocked, id=6412, stack(0x0000002904900000,0x0000002904a00000)]
  0x0000018c94aedaf0 JavaThread "cluster-rtt-ClusterId{value='66e3268402c2891b8598733f', description='null'}-localhost:27017" daemon [_thread_blocked, id=8100, stack(0x0000002904a00000,0x0000002904b00000)]

Other Threads:
  0x0000018cfdfacae0 VMThread "VM Thread" [stack: 0x0000002902800000,0x0000002902900000] [id=15920]
  0x0000018cfe51ec80 WatcherThread "VM Periodic Task Thread" [stack: 0x0000002903600000,0x0000002903700000] [id=24556]
  0x0000018cebe69ca0 WorkerThread "GC Thread#0" [stack: 0x0000002902300000,0x0000002902400000] [id=6156]
  0x0000018cfee8fb00 WorkerThread "GC Thread#1" [stack: 0x0000002903900000,0x0000002903a00000] [id=12468]
  0x0000018cfee8fdd0 WorkerThread "GC Thread#2" [stack: 0x0000002903a00000,0x0000002903b00000] [id=24540]
  0x0000018cfeea8240 WorkerThread "GC Thread#3" [stack: 0x0000002903b00000,0x0000002903c00000] [id=21960]
  0x0000018cfeea8510 WorkerThread "GC Thread#4" [stack: 0x0000002903c00000,0x0000002903d00000] [id=2036]
  0x0000018cfeea79d0 WorkerThread "GC Thread#5" [stack: 0x0000002903d00000,0x0000002903e00000] [id=13080]
  0x0000018cfeea8d80 WorkerThread "GC Thread#6" [stack: 0x0000002903e00000,0x0000002903f00000] [id=18980]
  0x0000018cfeea7430 WorkerThread "GC Thread#7" [stack: 0x0000002904000000,0x0000002904100000] [id=2896]
  0x0000018cfeea8ab0 WorkerThread "GC Thread#8" [stack: 0x0000002904100000,0x0000002904200000] [id=22464]
  0x0000018cfeea7ca0 WorkerThread "GC Thread#9" [stack: 0x0000002904200000,0x0000002904300000] [id=21328]
  0x0000018cebe76c00 ConcurrentGCThread "G1 Main Marker" [stack: 0x0000002902400000,0x0000002902500000] [id=22348]
  0x0000018cebe77dd0 WorkerThread "G1 Conc#0" [stack: 0x0000002902500000,0x0000002902600000] [id=3088]
  0x0000018cff5ed140 WorkerThread "G1 Conc#1" [stack: 0x0000002904300000,0x0000002904400000] [id=20392]
  0x0000018cff5edc80 WorkerThread "G1 Conc#2" [stack: 0x0000002904400000,0x0000002904500000] [id=6308]
  0x0000018cebebe6c0 ConcurrentGCThread "G1 Refine#0" [stack: 0x0000002902600000,0x0000002902700000] [id=19848]
  0x0000018cfde62140 ConcurrentGCThread "G1 Service" [stack: 0x0000002902700000,0x0000002902800000] [id=2716]

Threads with active compile tasks:
C2 CompilerThread0   884613 7043   !   4       org.springframework.beans.factory.support.DefaultListableBeanFactory::doGetBeanNamesForType (505 bytes)
C1 CompilerThread0   884613 7315   !   3       org.springframework.beans.factory.support.ConstructorResolver::resolveAutowiredArgument (114 bytes)
C2 CompilerThread1   884613 6935       4       org.springframework.util.StringUtils::cleanPath (346 bytes)
C2 CompilerThread2   884613 7020       4       org.springframework.core.annotation.TypeMappedAnnotations::scan (66 bytes)

VM state: not at safepoint (normal execution)

VM Mutex/Monitor currently owned by a thread: None

Heap address: 0x0000000742600000, size: 3034 MB, Compressed Oops mode: Zero based, Oop shift amount: 3

CDS archive(s) mapped at: [0x0000000800000000-0x0000000800c40000-0x0000000800c40000), size 12845056, SharedBaseAddress: 0x0000000800000000, ArchiveRelocationMode: 0.
Compressed class space mapped at: 0x0000000801000000-0x0000000841000000, reserved size: 1073741824
Narrow klass base: 0x0000000800000000, Narrow klass shift: 0, Narrow klass range: 0x100000000

GC Precious Log:
 CardTable entry size: 512
 Card Set container configuration: InlinePtr #cards 4 size 8 Array Of Cards #cards 16 size 48 Howl #buckets 8 coarsen threshold 3686 Howl Bitmap #cards 512 size 80 coarsen threshold 460 Card regions per heap region 1 cards per card region 4096
 CPUs: 12 total, 12 available
 Memory: 12128M
 Large Page Support: Disabled
 NUMA Support: Disabled
 Compressed Oops: Enabled (Zero based)
 Heap Region Size: 2M
 Heap Min Capacity: 8M
 Heap Initial Capacity: 190M
 Heap Max Capacity: 3034M
 Pre-touch: Disabled
 Parallel Workers: 10
 Concurrent Workers: 3
 Concurrent Refinement Workers: 10
 Periodic GC: Disabled

Heap:
 garbage-first heap   total 69632K, used 45389K [0x0000000742600000, 0x0000000800000000)
  region size 2048K, 15 young (30720K), 2 survivors (4096K)
 Metaspace       used 48464K, committed 49024K, reserved 1114112K
  class space    used 5949K, committed 6208K, reserved 1048576K

Heap Regions: E=young(eden), S=young(survivor), O=old, HS=humongous(starts), HC=humongous(continues), CS=collection set, F=free, OA=open archive, CA=closed archive, TAMS=top-at-mark-start (previous, next)
|   0|0x0000000742600000, 0x0000000742800000, 0x0000000742800000|100%| O|  |TAMS 0x0000000742800000, 0x0000000742600000| Untracked 
|   1|0x0000000742800000, 0x00000007429ffff0, 0x0000000742a00000| 99%| O|  |TAMS 0x0000000742800000, 0x0000000742800000| Untracked 
|   2|0x0000000742a00000, 0x0000000742c00000, 0x0000000742c00000|100%| O|  |TAMS 0x0000000742a00000, 0x0000000742a00000| Untracked 
|   3|0x0000000742c00000, 0x0000000742dfffe0, 0x0000000742e00000| 99%| O|  |TAMS 0x0000000742c00000, 0x0000000742c00000| Untracked 
|   4|0x0000000742e00000, 0x0000000742fffff0, 0x0000000743000000| 99%| O|  |TAMS 0x0000000742e00000, 0x0000000742e00000| Untracked 
|   5|0x0000000743000000, 0x0000000743200000, 0x0000000743200000|100%| O|  |TAMS 0x0000000743200000, 0x0000000743000000| Untracked 
|   6|0x0000000743200000, 0x00000007433ffff8, 0x0000000743400000| 99%| O|  |TAMS 0x0000000743200000, 0x0000000743200000| Untracked 
|   7|0x0000000743400000, 0x0000000743600000, 0x0000000743600000|100%| O|  |TAMS 0x0000000743400000, 0x0000000743400000| Untracked 
|   8|0x0000000743600000, 0x00000007437856d0, 0x0000000743800000| 76%| O|  |TAMS 0x0000000743600000, 0x0000000743600000| Untracked 
|   9|0x0000000743800000, 0x00000007438b9678, 0x0000000743a00000| 36%| O|  |TAMS 0x0000000743800000, 0x0000000743800000| Untracked 
|  10|0x0000000743a00000, 0x0000000743a00000, 0x0000000743c00000|  0%| F|  |TAMS 0x0000000743a00000, 0x0000000743a00000| Untracked 
|  11|0x0000000743c00000, 0x0000000743c00000, 0x0000000743e00000|  0%| F|  |TAMS 0x0000000743c00000, 0x0000000743c00000| Untracked 
|  12|0x0000000743e00000, 0x0000000743e00000, 0x0000000744000000|  0%| F|  |TAMS 0x0000000743e00000, 0x0000000743e00000| Untracked 
|  13|0x0000000744000000, 0x0000000744000000, 0x0000000744200000|  0%| F|  |TAMS 0x0000000744000000, 0x0000000744000000| Untracked 
|  14|0x0000000744200000, 0x0000000744200000, 0x0000000744400000|  0%| F|  |TAMS 0x0000000744200000, 0x0000000744200000| Untracked 
|  15|0x0000000744400000, 0x0000000744400000, 0x0000000744600000|  0%| F|  |TAMS 0x0000000744400000, 0x0000000744400000| Untracked 
|  16|0x0000000744600000, 0x0000000744600000, 0x0000000744800000|  0%| F|  |TAMS 0x0000000744600000, 0x0000000744600000| Untracked 
|  17|0x0000000744800000, 0x00000007448149b0, 0x0000000744a00000|  4%| S|CS|TAMS 0x0000000744800000, 0x0000000744800000| Complete 
|  18|0x0000000744a00000, 0x0000000744c00000, 0x0000000744c00000|100%| S|CS|TAMS 0x0000000744a00000, 0x0000000744a00000| Complete 
|  19|0x0000000744c00000, 0x0000000744c00000, 0x0000000744e00000|  0%| F|  |TAMS 0x0000000744c00000, 0x0000000744c00000| Untracked 
|  20|0x0000000744e00000, 0x0000000744e00000, 0x0000000745000000|  0%| F|  |TAMS 0x0000000744e00000, 0x0000000744e00000| Untracked 
|  21|0x0000000745000000, 0x00000007450bdba0, 0x0000000745200000| 37%| E|  |TAMS 0x0000000745000000, 0x0000000745000000| Complete 
|  22|0x0000000745200000, 0x0000000745400000, 0x0000000745400000|100%| E|CS|TAMS 0x0000000745200000, 0x0000000745200000| Complete 
|  23|0x0000000745400000, 0x0000000745600000, 0x0000000745600000|100%| E|CS|TAMS 0x0000000745400000, 0x0000000745400000| Complete 
|  24|0x0000000745600000, 0x0000000745800000, 0x0000000745800000|100%| E|CS|TAMS 0x0000000745600000, 0x0000000745600000| Complete 
|  25|0x0000000745800000, 0x0000000745a00000, 0x0000000745a00000|100%| E|CS|TAMS 0x0000000745800000, 0x0000000745800000| Complete 
|  26|0x0000000745a00000, 0x0000000745c00000, 0x0000000745c00000|100%| E|CS|TAMS 0x0000000745a00000, 0x0000000745a00000| Complete 
|  27|0x0000000745c00000, 0x0000000745e00000, 0x0000000745e00000|100%| E|CS|TAMS 0x0000000745c00000, 0x0000000745c00000| Complete 
|  28|0x0000000745e00000, 0x0000000746000000, 0x0000000746000000|100%| E|CS|TAMS 0x0000000745e00000, 0x0000000745e00000| Complete 
|  29|0x0000000746000000, 0x0000000746200000, 0x0000000746200000|100%| E|CS|TAMS 0x0000000746000000, 0x0000000746000000| Complete 
|  30|0x0000000746200000, 0x0000000746400000, 0x0000000746400000|100%| E|CS|TAMS 0x0000000746200000, 0x0000000746200000| Complete 
|  31|0x0000000746400000, 0x0000000746600000, 0x0000000746600000|100%| E|CS|TAMS 0x0000000746400000, 0x0000000746400000| Complete 
|  68|0x000000074ae00000, 0x000000074b000000, 0x000000074b000000|100%| E|CS|TAMS 0x000000074ae00000, 0x000000074ae00000| Complete 
|  69|0x000000074b000000, 0x000000074b200000, 0x000000074b200000|100%| E|CS|TAMS 0x000000074b000000, 0x000000074b000000| Complete 

Card table byte_map: [0x0000018cf48b0000,0x0000018cf4ea0000] _byte_map_base: 0x0000018cf0e9d000

Marking Bits (Prev, Next): (CMBitMap*) 0x0000018cebe6a310, (CMBitMap*) 0x0000018cebe6a2d0
 Prev Bits: [0x0000018cf8400000, 0x0000018cfb368000)
 Next Bits: [0x0000018cf5490000, 0x0000018cf83f8000)

Polling page: 0x0000018ce9d50000

Metaspace:

Usage:
  Non-class:     41.53 MB used.
      Class:      5.81 MB used.
       Both:     47.34 MB used.

Virtual space:
  Non-class space:       64.00 MB reserved,      41.88 MB ( 65%) committed,  1 nodes.
      Class space:        1.00 GB reserved,       6.06 MB ( <1%) committed,  1 nodes.
             Both:        1.06 GB reserved,      47.94 MB (  4%) committed. 

Chunk freelists:
   Non-Class:  1.48 MB
       Class:  1.94 MB
        Both:  3.43 MB

MaxMetaspaceSize: unlimited
CompressedClassSpaceSize: 1.00 GB
Initial GC threshold: 21.00 MB
Current GC threshold: 78.38 MB
CDS: on
MetaspaceReclaimPolicy: balanced
 - commit_granule_bytes: 65536.
 - commit_granule_words: 8192.
 - virtual_space_node_default_size: 8388608.
 - enlarge_chunks_in_place: 1.
 - new_chunks_are_fully_committed: 0.
 - uncommit_free_chunks: 1.
 - use_allocation_guard: 0.


Internal statistics:

num_allocs_failed_limit: 6.
num_arena_births: 920.
num_arena_deaths: 10.
num_vsnodes_births: 2.
num_vsnodes_deaths: 0.
num_space_committed: 767.
num_space_uncommitted: 0.
num_chunks_returned_to_freelist: 18.
num_chunks_taken_from_freelist: 2489.
num_chunk_merges: 10.
num_chunk_splits: 1712.
num_chunks_enlarged: 1325.
num_inconsistent_stats: 0.

CodeHeap 'non-profiled nmethods': size=120000Kb used=3447Kb max_used=3447Kb free=116552Kb
 bounds [0x0000018c87ad0000, 0x0000018c87e30000, 0x0000018c8f000000]
CodeHeap 'profiled nmethods': size=120000Kb used=13661Kb max_used=13661Kb free=106338Kb
 bounds [0x0000018c80000000, 0x0000018c80d60000, 0x0000018c87530000]
CodeHeap 'non-nmethods': size=5760Kb used=1397Kb max_used=1462Kb free=4363Kb
 bounds [0x0000018c87530000, 0x0000018c877a0000, 0x0000018c87ad0000]
 total_blobs=7065 nmethods=6428 adapters=547
 compilation: enabled
              stopped_count=0, restarted_count=0
 full_count=0

Compilation events (20 events):
Event: 884.362 Thread 0x0000018cfe003b90 7077       1       org.springframework.beans.factory.config.DependencyDescriptor::supportsLazyResolution (2 bytes)
Event: 884.362 Thread 0x0000018cfe003b90 nmethod 7077 0x0000018c87e25790 code [0x0000018c87e25920, 0x0000018c87e259f8]
Event: 884.362 Thread 0x0000018cfe003b90 7073       1       org.springframework.aop.framework.autoproxy.AbstractAutoProxyCreator::determineCandidateConstructors (2 bytes)
Event: 884.362 Thread 0x0000018cfe003b90 nmethod 7073 0x0000018c87e25a90 code [0x0000018c87e25c20, 0x0000018c87e25cf8]
Event: 884.362 Thread 0x0000018cfe003b90 7074       1       org.springframework.beans.factory.config.SmartInstantiationAwareBeanPostProcessor::determineCandidateConstructors (2 bytes)
Event: 884.362 Thread 0x0000018cfe003b90 nmethod 7074 0x0000018c87e25d90 code [0x0000018c87e25f20, 0x0000018c87e25ff8]
Event: 884.362 Thread 0x0000018cfe003b90 7078       1       org.springframework.boot.context.properties.bind.Bindable::getBindMethod (5 bytes)
Event: 884.362 Thread 0x0000018cfe003b90 nmethod 7078 0x0000018c87e26090 code [0x0000018c87e26220, 0x0000018c87e262f8]
Event: 884.362 Thread 0x0000018cfe003b90 7079       3       org.springframework.boot.web.server.WebServerFactoryCustomizerBeanPostProcessor::postProcessAfterInitialization (2 bytes)
Event: 884.363 Thread 0x0000018cfe003b90 nmethod 7079 0x0000018c80ca2a90 code [0x0000018c80ca2c20, 0x0000018c80ca2d38]
Event: 884.363 Thread 0x0000018cfe003b90 7080       3       org.springframework.boot.web.server.ErrorPageRegistrarBeanPostProcessor::postProcessAfterInitialization (2 bytes)
Event: 884.363 Thread 0x0000018cfe003b90 nmethod 7080 0x0000018c80ca2e10 code [0x0000018c80ca2fa0, 0x0000018c80ca30b8]
Event: 884.366 Thread 0x0000018cfe003b90 7081       3       java.nio.HeapCharBuffer::get (14 bytes)
Event: 884.367 Thread 0x0000018cfe003b90 nmethod 7081 0x0000018c80ca3190 code [0x0000018c80ca3360, 0x0000018c80ca36a8]
Event: 884.368 Thread 0x0000018cfe003b90 7083       1       java.security.DrbgParameters$NextBytes::getStrength (5 bytes)
Event: 884.368 Thread 0x0000018cfe003b90 nmethod 7083 0x0000018c87e26390 code [0x0000018c87e26520, 0x0000018c87e265d8]
Event: 884.368 Thread 0x0000018cfe003b90 7084       1       java.security.DrbgParameters$NextBytes::getPredictionResistance (5 bytes)
Event: 884.368 Thread 0x0000018cfe003b90 nmethod 7084 0x0000018c87e26690 code [0x0000018c87e26820, 0x0000018c87e268f8]
Event: 884.368 Thread 0x0000018cfe003b90 7085       3       java.util.StringTokenizer::hasMoreElements (5 bytes)
Event: 884.369 Thread 0x0000018cfe003b90 nmethod 7085 0x0000018c80ca3890 code [0x0000018c80ca3a40, 0x0000018c80ca3c68]

GC Heap History (20 events):
Event: 3.865 GC heap before
{Heap before GC invocations=5 (full 0):
 garbage-first heap   total 49152K, used 15134K [0x0000000742600000, 0x0000000800000000)
  region size 2048K, 3 young (6144K), 2 survivors (4096K)
 Metaspace       used 26064K, committed 26624K, reserved 1114112K
  class space    used 3193K, committed 3456K, reserved 1048576K
}
Event: 3.868 GC heap after
{Heap after GC invocations=6 (full 0):
 garbage-first heap   total 49152K, used 13683K [0x0000000742600000, 0x0000000800000000)
  region size 2048K, 1 young (2048K), 1 survivors (2048K)
 Metaspace       used 26064K, committed 26624K, reserved 1114112K
  class space    used 3193K, committed 3456K, reserved 1048576K
}
Event: 4.815 GC heap before
{Heap before GC invocations=6 (full 0):
 garbage-first heap   total 49152K, used 28019K [0x0000000742600000, 0x0000000800000000)
  region size 2048K, 9 young (18432K), 1 survivors (2048K)
 Metaspace       used 30153K, committed 30720K, reserved 1114112K
  class space    used 3712K, committed 3968K, reserved 1048576K
}
Event: 4.818 GC heap after
{Heap after GC invocations=7 (full 0):
 garbage-first heap   total 49152K, used 14578K [0x0000000742600000, 0x0000000800000000)
  region size 2048K, 1 young (2048K), 1 survivors (2048K)
 Metaspace       used 30153K, committed 30720K, reserved 1114112K
  class space    used 3712K, committed 3968K, reserved 1048576K
}
Event: 5.403 GC heap before
{Heap before GC invocations=7 (full 0):
 garbage-first heap   total 49152K, used 30962K [0x0000000742600000, 0x0000000800000000)
  region size 2048K, 10 young (20480K), 1 survivors (2048K)
 Metaspace       used 35294K, committed 35840K, reserved 1114112K
  class space    used 4383K, committed 4608K, reserved 1048576K
}
Event: 5.408 GC heap after
{Heap after GC invocations=8 (full 0):
 garbage-first heap   total 49152K, used 16847K [0x0000000742600000, 0x0000000800000000)
  region size 2048K, 2 young (4096K), 2 survivors (4096K)
 Metaspace       used 35294K, committed 35840K, reserved 1114112K
  class space    used 4383K, committed 4608K, reserved 1048576K
}
Event: 5.428 GC heap before
{Heap before GC invocations=8 (full 0):
 garbage-first heap   total 49152K, used 16847K [0x0000000742600000, 0x0000000800000000)
  region size 2048K, 3 young (6144K), 2 survivors (4096K)
 Metaspace       used 35494K, committed 35968K, reserved 1114112K
  class space    used 4403K, committed 4608K, reserved 1048576K
}
Event: 5.433 GC heap after
{Heap after GC invocations=9 (full 0):
 garbage-first heap   total 49152K, used 17201K [0x0000000742600000, 0x0000000800000000)
  region size 2048K, 1 young (2048K), 1 survivors (2048K)
 Metaspace       used 35494K, committed 35968K, reserved 1114112K
  class space    used 4403K, committed 4608K, reserved 1048576K
}
Event: 6.005 GC heap before
{Heap before GC invocations=10 (full 0):
 garbage-first heap   total 49152K, used 31537K [0x0000000742600000, 0x0000000800000000)
  region size 2048K, 9 young (18432K), 1 survivors (2048K)
 Metaspace       used 39574K, committed 40128K, reserved 1114112K
  class space    used 4949K, committed 5184K, reserved 1048576K
}
Event: 6.009 GC heap after
{Heap after GC invocations=11 (full 0):
 garbage-first heap   total 49152K, used 18974K [0x0000000742600000, 0x0000000800000000)
  region size 2048K, 2 young (4096K), 2 survivors (4096K)
 Metaspace       used 39574K, committed 40128K, reserved 1114112K
  class space    used 4949K, committed 5184K, reserved 1048576K
}
Event: 6.061 GC heap before
{Heap before GC invocations=11 (full 0):
 garbage-first heap   total 49152K, used 21022K [0x0000000742600000, 0x0000000800000000)
  region size 2048K, 3 young (6144K), 2 survivors (4096K)
 Metaspace       used 39939K, committed 40576K, reserved 1114112K
  class space    used 5004K, committed 5312K, reserved 1048576K
}
Event: 6.066 GC heap after
{Heap after GC invocations=12 (full 0):
 garbage-first heap   total 49152K, used 18660K [0x0000000742600000, 0x0000000800000000)
  region size 2048K, 1 young (2048K), 1 survivors (2048K)
 Metaspace       used 39939K, committed 40576K, reserved 1114112K
  class space    used 5004K, committed 5312K, reserved 1048576K
}
Event: 36.261 GC heap before
{Heap before GC invocations=12 (full 0):
 garbage-first heap   total 49152K, used 35044K [0x0000000742600000, 0x0000000800000000)
  region size 2048K, 9 young (18432K), 1 survivors (2048K)
 Metaspace       used 42649K, committed 43264K, reserved 1114112K
  class space    used 5358K, committed 5632K, reserved 1048576K
}
Event: 36.266 GC heap after
{Heap after GC invocations=13 (full 0):
 garbage-first heap   total 73728K, used 20048K [0x0000000742600000, 0x0000000800000000)
  region size 2048K, 1 young (2048K), 1 survivors (2048K)
 Metaspace       used 42649K, committed 43264K, reserved 1114112K
  class space    used 5358K, committed 5632K, reserved 1048576K
}
Event: 499.368 GC heap before
{Heap before GC invocations=13 (full 0):
 garbage-first heap   total 73728K, used 50768K [0x0000000742600000, 0x0000000800000000)
  region size 2048K, 17 young (34816K), 1 survivors (2048K)
 Metaspace       used 47057K, committed 47680K, reserved 1114112K
  class space    used 5853K, committed 6144K, reserved 1048576K
}
Event: 499.371 GC heap after
{Heap after GC invocations=14 (full 0):
 garbage-first heap   total 73728K, used 21378K [0x0000000742600000, 0x0000000800000000)
  region size 2048K, 2 young (4096K), 2 survivors (4096K)
 Metaspace       used 47057K, committed 47680K, reserved 1114112K
  class space    used 5853K, committed 6144K, reserved 1048576K
}
Event: 881.705 GC heap before
{Heap before GC invocations=14 (full 0):
 garbage-first heap   total 73728K, used 35714K [0x0000000742600000, 0x0000000800000000)
  region size 2048K, 10 young (20480K), 2 survivors (4096K)
 Metaspace       used 47483K, committed 48128K, reserved 1114112K
  class space    used 5887K, committed 6144K, reserved 1048576K
}
Event: 881.757 GC heap after
{Heap after GC invocations=15 (full 1):
 garbage-first heap   total 69632K, used 18683K [0x0000000742600000, 0x0000000800000000)
  region size 2048K, 0 young (0K), 0 survivors (0K)
 Metaspace       used 47474K, committed 48128K, reserved 1114112K
  class space    used 5884K, committed 6144K, reserved 1048576K
}
Event: 884.083 GC heap before
{Heap before GC invocations=15 (full 1):
 garbage-first heap   total 69632K, used 47355K [0x0000000742600000, 0x0000000800000000)
  region size 2048K, 15 young (30720K), 0 survivors (0K)
 Metaspace       used 47990K, committed 48640K, reserved 1114112K
  class space    used 5926K, committed 6208K, reserved 1048576K
}
Event: 884.085 GC heap after
{Heap after GC invocations=16 (full 1):
 garbage-first heap   total 69632K, used 20813K [0x0000000742600000, 0x0000000800000000)
  region size 2048K, 2 young (4096K), 2 survivors (4096K)
 Metaspace       used 47990K, committed 48640K, reserved 1114112K
  class space    used 5926K, committed 6208K, reserved 1048576K
}

Dll operation events (14 events):
Event: 0.042 Loaded shared library C:\Program Files\Java\jdk-19\bin\java.dll
Event: 0.054 Loaded shared library C:\Program Files\Java\jdk-19\bin\jsvml.dll
Event: 0.199 Loaded shared library C:\Program Files\Java\jdk-19\bin\zip.dll
Event: 0.205 Loaded shared library C:\Program Files\Java\jdk-19\bin\instrument.dll
Event: 0.215 Loaded shared library C:\Program Files\Java\jdk-19\bin\net.dll
Event: 0.220 Loaded shared library C:\Program Files\Java\jdk-19\bin\nio.dll
Event: 0.224 Loaded shared library C:\Program Files\Java\jdk-19\bin\zip.dll
Event: 0.312 Loaded shared library C:\Program Files\JetBrains\IntelliJ IDEA Community Edition 2022.3.2\bin\breakgen64.dll
Event: 0.324 Loaded shared library C:\Program Files\Java\jdk-19\bin\extnet.dll
Event: 0.407 Loaded shared library C:\Program Files\Java\jdk-19\bin\jimage.dll
Event: 0.813 Loaded shared library C:\Program Files\Java\jdk-19\bin\management.dll
Event: 0.816 Loaded shared library C:\Program Files\Java\jdk-19\bin\management_ext.dll
Event: 1.906 Loaded shared library C:\Program Files\Java\jdk-19\bin\sunmscapi.dll
Event: 113.773 Loaded shared library C:\Program Files\Java\jdk-19\bin\verify.dll

Deoptimization events (20 events):
Event: 884.182 Thread 0x0000018c94af0ac0 Uncommon trap: trap_request=0xffffffbe fr.pc=0x0000018c87de5bc8 relative=0x0000000000000f68
Event: 884.182 Thread 0x0000018c94af0ac0 Uncommon trap: reason=profile_predicate action=maybe_recompile pc=0x0000018c87de5bc8 method=org.springframework.core.annotation.MergedAnnotationsCollection.find(Ljava/lang/Object;Ljava/util/function/Predicate;Lorg/springframework/core/annotation/MergedAnn
Event: 884.182 Thread 0x0000018c94af0ac0 DEOPT PACKING pc=0x0000018c87de5bc8 sp=0x00000029038fdf10
Event: 884.182 Thread 0x0000018c94af0ac0 DEOPT UNPACKING pc=0x0000018c87596da3 sp=0x00000029038fded0 mode 2
Event: 884.183 Thread 0x0000018c94af0ac0 Uncommon trap: trap_request=0xffffffbe fr.pc=0x0000018c87de5bc8 relative=0x0000000000000f68
Event: 884.183 Thread 0x0000018c94af0ac0 Uncommon trap: reason=profile_predicate action=maybe_recompile pc=0x0000018c87de5bc8 method=org.springframework.core.annotation.MergedAnnotationsCollection.find(Ljava/lang/Object;Ljava/util/function/Predicate;Lorg/springframework/core/annotation/MergedAnn
Event: 884.183 Thread 0x0000018c94af0ac0 DEOPT PACKING pc=0x0000018c87de5bc8 sp=0x00000029038fdf10
Event: 884.183 Thread 0x0000018c94af0ac0 DEOPT UNPACKING pc=0x0000018c87596da3 sp=0x00000029038fded0 mode 2
Event: 884.184 Thread 0x0000018c94af0ac0 Uncommon trap: trap_request=0xffffffbe fr.pc=0x0000018c87de5bc8 relative=0x0000000000000f68
Event: 884.184 Thread 0x0000018c94af0ac0 Uncommon trap: reason=profile_predicate action=maybe_recompile pc=0x0000018c87de5bc8 method=org.springframework.core.annotation.MergedAnnotationsCollection.find(Ljava/lang/Object;Ljava/util/function/Predicate;Lorg/springframework/core/annotation/MergedAnn
Event: 884.184 Thread 0x0000018c94af0ac0 DEOPT PACKING pc=0x0000018c87de5bc8 sp=0x00000029038fdf10
Event: 884.184 Thread 0x0000018c94af0ac0 DEOPT UNPACKING pc=0x0000018c87596da3 sp=0x00000029038fded0 mode 2
Event: 884.185 Thread 0x0000018c94af0ac0 Uncommon trap: trap_request=0xffffffbe fr.pc=0x0000018c87de5bc8 relative=0x0000000000000f68
Event: 884.185 Thread 0x0000018c94af0ac0 Uncommon trap: reason=profile_predicate action=maybe_recompile pc=0x0000018c87de5bc8 method=org.springframework.core.annotation.MergedAnnotationsCollection.find(Ljava/lang/Object;Ljava/util/function/Predicate;Lorg/springframework/core/annotation/MergedAnn
Event: 884.185 Thread 0x0000018c94af0ac0 DEOPT PACKING pc=0x0000018c87de5bc8 sp=0x00000029038fe090
Event: 884.185 Thread 0x0000018c94af0ac0 DEOPT UNPACKING pc=0x0000018c87596da3 sp=0x00000029038fe050 mode 2
Event: 884.229 Thread 0x0000018c94af0ac0 DEOPT PACKING pc=0x0000018c80629cb8 sp=0x00000029038fdde0
Event: 884.229 Thread 0x0000018c94af0ac0 DEOPT UNPACKING pc=0x0000018c87597543 sp=0x00000029038fd380 mode 0
Event: 884.334 Thread 0x0000018c94af0ac0 DEOPT PACKING pc=0x0000018c80629cb8 sp=0x00000029038fd910
Event: 884.334 Thread 0x0000018c94af0ac0 DEOPT UNPACKING pc=0x0000018c87597543 sp=0x00000029038fceb0 mode 0

Classes loaded (20 events):
Event: 881.452 Loading class java/util/concurrent/locks/AbstractQueuedSynchronizer$SharedNode
Event: 881.453 Loading class java/util/concurrent/locks/AbstractQueuedSynchronizer$SharedNode done
Event: 881.516 Loading class sun/security/ssl/Alert
Event: 881.517 Loading class sun/security/ssl/Alert done
Event: 881.517 Loading class sun/security/ssl/Alert$AlertConsumer
Event: 881.517 Loading class sun/security/ssl/Alert$AlertConsumer done
Event: 881.517 Loading class sun/security/ssl/Alert$Level
Event: 881.517 Loading class sun/security/ssl/Alert$Level done
Event: 881.518 Loading class sun/net/ConnectionResetException
Event: 881.518 Loading class sun/net/ConnectionResetException done
Event: 881.519 Loading class java/nio/channels/ClosedByInterruptException
Event: 881.519 Loading class java/nio/channels/AsynchronousCloseException
Event: 881.520 Loading class java/nio/channels/AsynchronousCloseException done
Event: 881.520 Loading class java/nio/channels/ClosedByInterruptException done
Event: 881.704 Loading class java/util/concurrent/atomic/Striped64$Cell
Event: 881.705 Loading class java/util/concurrent/atomic/Striped64$Cell done
Event: 881.757 Loading class java/lang/ref/Finalizer$2
Event: 881.758 Loading class java/lang/ref/Finalizer$2 done
Event: 881.758 Loading class java/lang/ref/Finalizer$1
Event: 881.758 Loading class java/lang/ref/Finalizer$1 done

Classes unloaded (5 events):
Event: 881.725 Thread 0x0000018cfdfacae0 Unloading class 0x0000000801499000 'java/lang/invoke/LambdaForm$MH+0x0000000801499000'
Event: 881.725 Thread 0x0000018cfdfacae0 Unloading class 0x0000000801498c00 'java/lang/invoke/LambdaForm$MH+0x0000000801498c00'
Event: 881.725 Thread 0x0000018cfdfacae0 Unloading class 0x0000000801498800 'java/lang/invoke/LambdaForm$MH+0x0000000801498800'
Event: 881.725 Thread 0x0000018cfdfacae0 Unloading class 0x0000000801494400 'java/lang/invoke/LambdaForm$MH+0x0000000801494400'
Event: 881.725 Thread 0x0000018cfdfacae0 Unloading class 0x0000000801498000 'java/lang/invoke/LambdaForm$MH+0x0000000801498000'

Classes redefined (0 events):
No events

Internal exceptions (20 events):
Event: 882.258 Thread 0x0000018c94aeeae0 Exception <a 'java/lang/NoClassDefFoundError'{0x0000000745981430}: liquibase/integration/spring/SpringLiquibase> (0x0000000745981430) 
thrown [s\open\src\hotspot\share\oops\constantPool.cpp, line 837]
Event: 882.339 Thread 0x0000018c94aeeae0 Exception <a 'sun/nio/fs/WindowsException'{0x0000000745587d70}> (0x0000000745587d70) 
thrown [s\open\src\hotspot\share\prims\jni.cpp, line 517]
Event: 882.340 Thread 0x0000018c94aeeae0 Exception <a 'sun/nio/fs/WindowsException'{0x0000000745589800}> (0x0000000745589800) 
thrown [s\open\src\hotspot\share\prims\jni.cpp, line 517]
Event: 882.340 Thread 0x0000018c94aeeae0 Exception <a 'sun/nio/fs/WindowsException'{0x0000000745589ed8}> (0x0000000745589ed8) 
thrown [s\open\src\hotspot\share\prims\jni.cpp, line 517]
Event: 882.360 Thread 0x0000018c94aeeae0 Exception <a 'java/io/FileNotFoundException'{0x00000007455b4da8}> (0x00000007455b4da8) 
thrown [s\open\src\hotspot\share\prims\jni.cpp, line 517]
Event: 882.389 Thread 0x0000018c94aeeae0 Exception <a 'java/io/FileNotFoundException'{0x0000000745291350}> (0x0000000745291350) 
thrown [s\open\src\hotspot\share\prims\jni.cpp, line 517]
Event: 882.400 Thread 0x0000018c94aeeae0 Implicit null exception at 0x0000018c87dde594 to 0x0000018c87ddf89c
Event: 882.412 Thread 0x0000018c94aee040 Exception <a 'java/lang/InterruptedException'{0x00000007452ff820}: sleep interrupted> (0x00000007452ff820) 
thrown [s\open\src\hotspot\share\prims\jvm.cpp, line 3103]
Event: 882.478 Thread 0x0000018c94aeeae0 Exception <a 'java/lang/NoClassDefFoundError'{0x00000007453b3fa8}: jakarta/validation/ValidationException> (0x00000007453b3fa8) 
thrown [s\open\src\hotspot\share\classfile\systemDictionary.cpp, line 244]
Event: 882.479 Thread 0x0000018c94aeeae0 Exception <a 'java/lang/NoClassDefFoundError'{0x00000007453bb5a8}: liquibase/exception/ChangeLogParseException> (0x00000007453bb5a8) 
thrown [s\open\src\hotspot\share\classfile\systemDictionary.cpp, line 244]
Event: 882.493 Thread 0x0000018c94aeeae0 Exception <a 'java/lang/NoClassDefFoundError'{0x00000007453e8668}: org/springframework/jdbc/CannotGetJdbcConnectionException> (0x00000007453e8668) 
thrown [s\open\src\hotspot\share\classfile\systemDictionary.cpp, line 244]
Event: 882.502 Thread 0x0000018c94aeeae0 Exception <a 'java/lang/NoClassDefFoundError'{0x000000074502bb40}: org/jooq/DSLContext> (0x000000074502bb40) 
thrown [s\open\src\hotspot\share\classfile\systemDictionary.cpp, line 244]
Event: 882.503 Thread 0x0000018c94aeeae0 Exception <a 'java/lang/NoClassDefFoundError'{0x000000074502d5c0}: io/r2dbc/spi/ConnectionFactory> (0x000000074502d5c0) 
thrown [s\open\src\hotspot\share\classfile\systemDictionary.cpp, line 244]
Event: 883.973 Thread 0x0000018c94af0ac0 Exception <a 'sun/nio/fs/WindowsException'{0x00000007450cdb30}> (0x00000007450cdb30) 
thrown [s\open\src\hotspot\share\prims\jni.cpp, line 517]
Event: 884.013 Thread 0x0000018c94af0ac0 Implicit null exception at 0x0000018c87de396e to 0x0000018c87de3a0c
Event: 884.018 Thread 0x0000018c94af0ac0 Exception <a 'sun/nio/fs/WindowsException'{0x0000000744ee3058}> (0x0000000744ee3058) 
thrown [s\open\src\hotspot\share\prims\jni.cpp, line 517]
Event: 884.235 Thread 0x0000018c94af0ac0 Exception <a 'sun/nio/fs/WindowsException'{0x00000007461f15e8}> (0x00000007461f15e8) 
thrown [s\open\src\hotspot\share\prims\jni.cpp, line 517]
Event: 884.246 Thread 0x0000018c94af0ac0 Exception <a 'sun/nio/fs/WindowsException'{0x0000000745e22c70}> (0x0000000745e22c70) 
thrown [s\open\src\hotspot\share\prims\jni.cpp, line 517]
Event: 884.327 Thread 0x0000018c94af0ac0 Exception <a 'java/lang/NoClassDefFoundError'{0x0000000745fcc490}: org/flywaydb/core/Flyway> (0x0000000745fcc490) 
thrown [s\open\src\hotspot\share\oops\constantPool.cpp, line 837]
Event: 884.327 Thread 0x0000018c94af0ac0 Exception <a 'java/lang/NoClassDefFoundError'{0x0000000745fccaf0}: liquibase/integration/spring/SpringLiquibase> (0x0000000745fccaf0) 
thrown [s\open\src\hotspot\share\oops\constantPool.cpp, line 837]

VM Operations (20 events):
Event: 843.734 Executing VM operation: Cleanup
Event: 843.734 Executing VM operation: Cleanup done
Event: 847.771 Executing VM operation: Cleanup
Event: 847.771 Executing VM operation: Cleanup done
Event: 851.809 Executing VM operation: Cleanup
Event: 851.809 Executing VM operation: Cleanup done
Event: 858.865 Executing VM operation: Cleanup
Event: 858.865 Executing VM operation: Cleanup done
Event: 861.884 Executing VM operation: Cleanup
Event: 861.885 Executing VM operation: Cleanup done
Event: 867.955 Executing VM operation: Cleanup
Event: 867.955 Executing VM operation: Cleanup done
Event: 881.704 Executing VM operation: G1CollectFull
Event: 881.757 Executing VM operation: G1CollectFull done
Event: 882.255 Executing VM operation: ICBufferFull
Event: 882.256 Executing VM operation: ICBufferFull done
Event: 883.265 Executing VM operation: Cleanup
Event: 883.266 Executing VM operation: Cleanup done
Event: 884.082 Executing VM operation: G1CollectForAllocation
Event: 884.085 Executing VM operation: G1CollectForAllocation done

Events (20 events):
Event: 881.759 Thread 0x0000018c94aeeae0 Thread added: 0x0000018c94aeeae0
Event: 881.782 Thread 0x0000018c93230d40 Thread added: 0x0000018c93230d40
Event: 881.870 Thread 0x0000018c94aed050 Thread added: 0x0000018c94aed050
Event: 881.870 Thread 0x0000018cff7e5a70 Thread added: 0x0000018cff7e5a70
Event: 881.899 Thread 0x0000018c94aed050 Thread exited: 0x0000018c94aed050
Event: 882.391 Thread 0x0000018c94aef030 Thread added: 0x0000018c94aef030
Event: 882.392 Thread 0x0000018c94af1560 Thread added: 0x0000018c94af1560
Event: 882.392 Thread 0x0000018c94aee040 Thread added: 0x0000018c94aee040
Event: 882.412 Thread 0x0000018c94aef030 Thread exited: 0x0000018c94aef030
Event: 882.412 Thread 0x0000018c94af1560 Thread exited: 0x0000018c94af1560
Event: 882.412 Thread 0x0000018c94aee040 Thread exited: 0x0000018c94aee040
Event: 882.512 Thread 0x0000018c94aeeae0 Thread exited: 0x0000018c94aeeae0
Event: 882.513 Thread 0x0000018c94aefad0 Thread added: 0x0000018c94aefad0
Event: 883.964 Thread 0x0000018c94af0ac0 Thread added: 0x0000018c94af0ac0
Event: 883.967 Thread 0x0000018cff7e5a70 Thread exited: 0x0000018cff7e5a70
Event: 883.968 Thread 0x0000018c93230d40 Thread exited: 0x0000018c93230d40
Event: 883.977 Thread 0x0000018cff7e5a70 Thread added: 0x0000018cff7e5a70
Event: 884.040 Thread 0x0000018c94aee040 Thread added: 0x0000018c94aee040
Event: 884.071 Thread 0x0000018c94aee040 Thread exited: 0x0000018c94aee040
Event: 884.191 Thread 0x0000018c93b9b8f0 Thread added: 0x0000018c93b9b8f0


Dynamic libraries:
0x00007ff611690000 - 0x00007ff6116a0000 	C:\Program Files\Java\jdk-19\bin\java.exe
0x00007ffe1b0d0000 - 0x00007ffe1b2e7000 	C:\WINDOWS\SYSTEM32\ntdll.dll
0x00007ffdfb040000 - 0x00007ffdfb05a000 	C:\Program Files\Avast Software\Avast\aswhook.dll
0x00007ffe19100000 - 0x00007ffe191c4000 	C:\WINDOWS\System32\KERNEL32.DLL
0x00007ffe186f0000 - 0x00007ffe18a9d000 	C:\WINDOWS\System32\KERNELBASE.dll
0x00007ffe18460000 - 0x00007ffe18571000 	C:\WINDOWS\System32\ucrtbase.dll
0x00007ffe07210000 - 0x00007ffe07228000 	C:\Program Files\Java\jdk-19\bin\jli.dll
0x00007ffdebd20000 - 0x00007ffdebd3b000 	C:\Program Files\Java\jdk-19\bin\VCRUNTIME140.dll
0x00007ffe198e0000 - 0x00007ffe19992000 	C:\WINDOWS\System32\ADVAPI32.dll
0x00007ffe19350000 - 0x00007ffe193f7000 	C:\WINDOWS\System32\msvcrt.dll
0x00007ffe18e00000 - 0x00007ffe18ea9000 	C:\WINDOWS\System32\sechost.dll
0x00007ffe18b60000 - 0x00007ffe18b88000 	C:\WINDOWS\System32\bcrypt.dll
0x00007ffe18ed0000 - 0x00007ffe18fe4000 	C:\WINDOWS\System32\RPCRT4.dll
0x00007ffe19a00000 - 0x00007ffe19bae000 	C:\WINDOWS\System32\USER32.dll
0x00007ffe18dd0000 - 0x00007ffe18df6000 	C:\WINDOWS\System32\win32u.dll
0x00007ffe1b050000 - 0x00007ffe1b079000 	C:\WINDOWS\System32\GDI32.dll
0x00007ffdf0b20000 - 0x00007ffdf0db3000 	C:\WINDOWS\WinSxS\amd64_microsoft.windows.common-controls_6595b64144ccf1df_6.0.22621.3672_none_2713b9d173822955\COMCTL32.dll
0x00007ffe18b90000 - 0x00007ffe18ca9000 	C:\WINDOWS\System32\gdi32full.dll
0x00007ffe18cb0000 - 0x00007ffe18d4a000 	C:\WINDOWS\System32\msvcp_win.dll
0x00007ffe11db0000 - 0x00007ffe11dba000 	C:\WINDOWS\SYSTEM32\VERSION.dll
0x00007ffe1abd0000 - 0x00007ffe1ac01000 	C:\WINDOWS\System32\IMM32.DLL
0x00007ffe07a50000 - 0x00007ffe07a5c000 	C:\Program Files\Java\jdk-19\bin\vcruntime140_1.dll
0x00007ffdd9af0000 - 0x00007ffdd9b7e000 	C:\Program Files\Java\jdk-19\bin\msvcp140.dll
0x00007ffd69960000 - 0x00007ffd6a620000 	C:\Program Files\Java\jdk-19\bin\server\jvm.dll
0x00007ffe02d80000 - 0x00007ffe02d89000 	C:\WINDOWS\SYSTEM32\WSOCK32.dll
0x00007ffe11010000 - 0x00007ffe11044000 	C:\WINDOWS\SYSTEM32\WINMM.dll
0x00007ffe192d0000 - 0x00007ffe19341000 	C:\WINDOWS\System32\WS2_32.dll
0x00007ffe17490000 - 0x00007ffe174a8000 	C:\WINDOWS\SYSTEM32\kernel.appcore.dll
0x00007ffdf5f40000 - 0x00007ffdf5f4a000 	C:\Program Files\Java\jdk-19\bin\jimage.dll
0x00007ffe0a860000 - 0x00007ffe0aa92000 	C:\WINDOWS\SYSTEM32\DBGHELP.DLL
0x00007ffe1acc0000 - 0x00007ffe1b04e000 	C:\WINDOWS\System32\combase.dll
0x00007ffe191f0000 - 0x00007ffe192c7000 	C:\WINDOWS\System32\OLEAUT32.dll
0x00007ffe0a7b0000 - 0x00007ffe0a7e2000 	C:\WINDOWS\SYSTEM32\dbgcore.DLL
0x00007ffe18d50000 - 0x00007ffe18dcb000 	C:\WINDOWS\System32\bcryptPrimitives.dll
0x00007ffe076d0000 - 0x00007ffe076de000 	C:\Program Files\Java\jdk-19\bin\instrument.dll
0x00007ffde5d40000 - 0x00007ffde5d66000 	C:\Program Files\Java\jdk-19\bin\java.dll
0x00007ffdd9a10000 - 0x00007ffdd9ae7000 	C:\Program Files\Java\jdk-19\bin\jsvml.dll
0x00007ffe1a360000 - 0x00007ffe1abc7000 	C:\WINDOWS\System32\SHELL32.dll
0x00007ffe16330000 - 0x00007ffe16c2f000 	C:\WINDOWS\SYSTEM32\windows.storage.dll
0x00007ffe161f0000 - 0x00007ffe1632f000 	C:\WINDOWS\SYSTEM32\wintypes.dll
0x00007ffe1a040000 - 0x00007ffe1a139000 	C:\WINDOWS\System32\SHCORE.dll
0x00007ffe199a0000 - 0x00007ffe199fe000 	C:\WINDOWS\System32\shlwapi.dll
0x00007ffe18320000 - 0x00007ffe18347000 	C:\WINDOWS\SYSTEM32\profapi.dll
0x00007ffddc1e0000 - 0x00007ffddc1f8000 	C:\Program Files\Java\jdk-19\bin\zip.dll
0x00007ffde3400000 - 0x00007ffde3413000 	C:\Program Files\Java\jdk-19\bin\net.dll
0x00007ffe12090000 - 0x00007ffe121c6000 	C:\WINDOWS\SYSTEM32\WINHTTP.dll
0x00007ffe17960000 - 0x00007ffe179c9000 	C:\WINDOWS\system32\mswsock.dll
0x00007ffddc220000 - 0x00007ffddc236000 	C:\Program Files\Java\jdk-19\bin\nio.dll
0x00007ffe075c0000 - 0x00007ffe075da000 	C:\Program Files\JetBrains\IntelliJ IDEA Community Edition 2022.3.2\bin\breakgen64.dll
0x00007ffde7270000 - 0x00007ffde7278000 	C:\Program Files\Java\jdk-19\bin\extnet.dll
0x00007ffde7b60000 - 0x00007ffde7b6a000 	C:\Program Files\Java\jdk-19\bin\management.dll
0x00007ffde7280000 - 0x00007ffde728b000 	C:\Program Files\Java\jdk-19\bin\management_ext.dll
0x00007ffe1b080000 - 0x00007ffe1b088000 	C:\WINDOWS\System32\PSAPI.DLL
0x00007ffe075e0000 - 0x00007ffe075ee000 	C:\Program Files\Java\jdk-19\bin\sunmscapi.dll
0x00007ffe18580000 - 0x00007ffe186e6000 	C:\WINDOWS\System32\CRYPT32.dll
0x00007ffe17db0000 - 0x00007ffe17dde000 	C:\WINDOWS\SYSTEM32\ncrypt.dll
0x00007ffe17d70000 - 0x00007ffe17da7000 	C:\WINDOWS\SYSTEM32\NTASN1.dll
0x00007ffe17b80000 - 0x00007ffe17b9b000 	C:\WINDOWS\SYSTEM32\CRYPTSP.dll
0x00007ffe17450000 - 0x00007ffe17485000 	C:\WINDOWS\system32\rsaenh.dll
0x00007ffe17a20000 - 0x00007ffe17a48000 	C:\WINDOWS\SYSTEM32\USERENV.dll
0x00007ffe17ba0000 - 0x00007ffe17bac000 	C:\WINDOWS\SYSTEM32\CRYPTBASE.dll
0x00007ffe16f00000 - 0x00007ffe16f2d000 	C:\WINDOWS\SYSTEM32\IPHLPAPI.DLL
0x00007ffe1a030000 - 0x00007ffe1a039000 	C:\WINDOWS\System32\NSI.dll
0x00007ffe11eb0000 - 0x00007ffe11ec9000 	C:\WINDOWS\SYSTEM32\dhcpcsvc6.DLL
0x00007ffe11d90000 - 0x00007ffe11daf000 	C:\WINDOWS\SYSTEM32\dhcpcsvc.DLL
0x00007ffe16f70000 - 0x00007ffe17068000 	C:\WINDOWS\SYSTEM32\DNSAPI.dll
0x00007ffe037f0000 - 0x00007ffe037fa000 	C:\Windows\System32\rasadhlp.dll
0x00007ffe112f0000 - 0x00007ffe11373000 	C:\WINDOWS\System32\fwpuclnt.dll
0x00007ffdbf040000 - 0x00007ffdbf048000 	C:\WINDOWS\system32\wshunix.dll
0x00007ffe07820000 - 0x00007ffe07830000 	C:\Program Files\Java\jdk-19\bin\verify.dll

dbghelp: loaded successfully - version: 4.0.5 - missing functions: none
symbol engine: initialized successfully - sym options: 0x614 - pdb path: .;C:\Program Files\Java\jdk-19\bin;C:\WINDOWS\SYSTEM32;C:\Program Files\Avast Software\Avast;C:\WINDOWS\WinSxS\amd64_microsoft.windows.common-controls_6595b64144ccf1df_6.0.22621.3672_none_2713b9d173822955;C:\Program Files\Java\jdk-19\bin\server;C:\Program Files\JetBrains\IntelliJ IDEA Community Edition 2022.3.2\bin

VM Arguments:
jvm_args: -javaagent:C:\Program Files\JetBrains\IntelliJ IDEA Community Edition 2022.3.2\lib\idea_rt.jar=50364:C:\Program Files\JetBrains\IntelliJ IDEA Community Edition 2022.3.2\bin -Dfile.encoding=UTF-8 -Dsun.stdout.encoding=UTF-8 -Dsun.stderr.encoding=UTF-8 
java_command: com.example.juicesinc_backend.JuicesincBackendApplication
java_class_path (initial): D:\Thewmika\juicesinc\juicesinc\backend\juicesinc_backend\target\classes;C:\Users\thewm\.m2\repository\org\springframework\boot\spring-boot-starter-data-mongodb\3.3.3\spring-boot-starter-data-mongodb-3.3.3.jar;C:\Users\thewm\.m2\repository\org\springframework\boot\spring-boot-starter\3.3.3\spring-boot-starter-3.3.3.jar;C:\Users\thewm\.m2\repository\org\springframework\boot\spring-boot-starter-logging\3.3.3\spring-boot-starter-logging-3.3.3.jar;C:\Users\thewm\.m2\repository\ch\qos\logback\logback-classic\1.5.7\logback-classic-1.5.7.jar;C:\Users\thewm\.m2\repository\ch\qos\logback\logback-core\1.5.7\logback-core-1.5.7.jar;C:\Users\thewm\.m2\repository\org\apache\logging\log4j\log4j-to-slf4j\2.23.1\log4j-to-slf4j-2.23.1.jar;C:\Users\thewm\.m2\repository\org\apache\logging\log4j\log4j-api\2.23.1\log4j-api-2.23.1.jar;C:\Users\thewm\.m2\repository\org\slf4j\jul-to-slf4j\2.0.16\jul-to-slf4j-2.0.16.jar;C:\Users\thewm\.m2\repository\jakarta\annotation\jakarta.annotation-api\2.1.1\jakarta.annotation-api-2.1.1.jar;C:\Users\thewm\.m2\repository\org\yaml\snakeyaml\2.2\snakeyaml-2.2.jar;C:\Users\thewm\.m2\repository\org\mongodb\mongodb-driver-sync\5.0.1\mongodb-driver-sync-5.0.1.jar;C:\Users\thewm\.m2\repository\org\mongodb\bson\5.0.1\bson-5.0.1.jar;C:\Users\thewm\.m2\repository\org\mongodb\mongodb-driver-core\5.0.1\mongodb-driver-core-5.0.1.jar;C:\Users\thewm\.m2\repository\org\mongodb\bson-record-codec\5.0.1\bson-record-codec-5.0.1.jar;C:\Users\thewm\.m2\repository\org\springframework\data\spring-data-mongodb\4.3.3\spring-data-mongodb-4.3.3.jar;C:\Users\thewm\.m2\repository\org\springframework\spring-tx\6.1.12\spring-tx-6.1.12.jar;C:\Users\thewm\.m2\repository\org\springframework\spring-context\6.1.12\spring-context-6.1.12.jar;C:\Users\thewm\.m2\repository\org\springframework\spring-beans\6.1.12\spring-beans-6.1.12.jar;C:\Users\thewm\.m2\repository\org\springframework\spring-expression\6.1.12\spring-expression-6.1.12.jar;C:\Users\thewm\.m2\repository\org\springframework\data\spring-data-commons\3.3.3\spring-data-commons-3.3.3.jar;C:\Users\thewm\.m2\repository\org\slf4j\slf4j-api\2.0.16\slf4j-api-2.0.16.jar;C:\Users\thewm\.m2\repository\org\springframework\boot\spring-boot-starter-web\3.3.3\spring-boot-starter-web-3.3.3.jar;C:\Users\thewm\.m2\repository\org\springframework\boot\spring-boot-starter-json\3.3.3\spring-boot-starter-json-3.3.3.jar;C:\Users\thewm\.m2\repository\com\fasterxml\jackson\core\jackson-databind\2.17.2\jackson-databind-2.17.2.jar;C:\Users\thewm\.m2\repository\com\fasterxml\jackson\core\jackson-annotations\2.17.2\jackson-annotations-2.17.2.jar;C:\Users\thewm\.m2\repository\com\fasterxml\jackson\core\jackson-core\2.17.2\jackson-core-2.17.2.jar;C:\Users\thewm\.m2\repository\com\fasterxml\jackson\datatype\jackson-datatype-jdk8\2.17.2\jackson-datatype-jdk8-2.17.2.jar;C:\Users\thewm\.m2\repository\com\fasterxml\jackson\datatype\jackson-datatype-jsr310\2.17.2\jackson-datatype-jsr310-2.17.2.jar;C:\Users\thewm\.m2\repository\com\fasterxml\jackson\module\jackson-module-parameter-names\2.17.2\jackson-module-parameter-names-2.17.2.jar;C:\Users\thewm\.m2\repository\org\springframework\boot\spring-boot-starter-tomcat\3.3.3\spring-boot-starter-tomcat-3.3.3.jar;C:\Users\thewm\.m2\repository\org\apache\tomcat\embed\tomcat-embed-core\10.1.28\tomcat-embed-core-10.1.28.jar;C:\Users\thewm\.m2\repository\org\apache\tomcat\embed\tomcat-embed-el\10.1.28\tomcat-embed-el-10.1.28.jar;C:\Users\thewm\.m2\repository\org\apache\tomcat\embed\tomcat-embed-websocket\10.1.28\tomcat-embed-websocket-10.1.28.jar;C:\Users\thewm\.m2\repository\org\springframework\spring-web\6.1.12\spring-web-6.1.12.jar;C:\Users\thewm\.m2\repository\io\micrometer\micrometer-observation\1.13.3\micrometer-observation-1.13.3.jar;C:\Users\thewm\.m2\repository\io\micrometer\micrometer-commons\1.13.3\micrometer-commons-1.13.3.jar;C:\Users\thewm\.m2\repository\org\springframework\spring-webmvc\6.1.12\spring-webmvc-6.1.12.jar;C:\Users\thewm\.m2\repository\org\springframework\spring-aop\6.1.12\spring-aop-6.1.12.jar;C:\Users\thewm\.m2\repository\org\springframework\boot\spring-boot-devtools\3.3.3\spring-boot-devtools-3.3.3.jar;C:\Users\thewm\.m2\repository\org\springframework\boot\spring-boot\3.3.3\spring-boot-3.3.3.jar;C:\Users\thewm\.m2\repository\org\springframework\boot\spring-boot-autoconfigure\3.3.3\spring-boot-autoconfigure-3.3.3.jar;C:\Users\thewm\.m2\repository\org\springframework\spring-core\6.1.12\spring-core-6.1.12.jar;C:\Users\thewm\.m2\repository\org\springframework\spring-jcl\6.1.12\spring-jcl-6.1.12.jar
Launcher Type: SUN_STANDARD

[Global flags]
     intx CICompilerCount                          = 4                                         {product} {ergonomic}
     uint ConcGCThreads                            = 3                                         {product} {ergonomic}
     uint G1ConcRefinementThreads                  = 10                                        {product} {ergonomic}
   size_t G1HeapRegionSize                         = 2097152                                   {product} {ergonomic}
    uintx GCDrainStackTargetSize                   = 64                                        {product} {ergonomic}
   size_t InitialHeapSize                          = 199229440                                 {product} {ergonomic}
   size_t MarkStackSize                            = 4194304                                   {product} {ergonomic}
   size_t MaxHeapSize                              = 3181379584                                {product} {ergonomic}
   size_t MaxNewSize                               = 1908408320                                {product} {ergonomic}
   size_t MinHeapDeltaBytes                        = 2097152                                   {product} {ergonomic}
   size_t MinHeapSize                              = 8388608                                   {product} {ergonomic}
    uintx NonNMethodCodeHeapSize                   = 5839372                                {pd product} {ergonomic}
    uintx NonProfiledCodeHeapSize                  = 122909434                              {pd product} {ergonomic}
    uintx ProfiledCodeHeapSize                     = 122909434                              {pd product} {ergonomic}
    uintx ReservedCodeCacheSize                    = 251658240                              {pd product} {ergonomic}
     bool SegmentedCodeCache                       = true                                      {product} {ergonomic}
   size_t SoftMaxHeapSize                          = 3181379584                             {manageable} {ergonomic}
     bool UseCompressedClassPointers               = true                           {product lp64_product} {ergonomic}
     bool UseCompressedOops                        = true                           {product lp64_product} {ergonomic}
     bool UseG1GC                                  = true                                      {product} {ergonomic}
     bool UseLargePagesIndividualAllocation        = false                                  {pd product} {ergonomic}

Logging:
Log output configuration:
 #0: stdout all=warning uptime,level,tags foldmultilines=false
 #1: stderr all=off uptime,level,tags foldmultilines=false

Environment Variables:
PATH=C:\Program Files (x86)\Common Files\Intel\Shared Libraries\redist\intel64\compiler;C:\Program Files\Python312\Scripts\;C:\Program Files\Python312\;C:\Program Files\Common Files\Oracle\Java\javapath;C:\Program Files (x86)\Common Files\Oracle\Java\javapath;C:\WINDOWS\system32;C:\WINDOWS;C:\WINDOWS\System32\Wbem;C:\WINDOWS\System32\WindowsPowerShell\v1.0\;C:\WINDOWS\System32\OpenSSH\;C:\Program Files (x86)\NVIDIA Corporation\PhysX\Common;C:\Program Files\dotnet\;C:\Program Files\Cloudflare\Cloudflare WARP\;C:\Program Files (x86)\BaseX\bin;C:\Program Files\nodejs\;C:\Program Files\Docker\Docker\resources\bin;C:\Program Files\Git\cmd;C:\xampp\php;C:\ProgramData\ComposerSetup\bin;C:\Program Files\apache-maven-3.9.9\bin;C:\Users\thewm\AppData\Local\Microsoft\WindowsApps;C:\Users\thewm\AppData\Local\Programs\Microsoft VS Code\bin;C:\Users\thewm\AppData\Roaming\npm;C:\Users\thewm\AppData\Local\GitHubDesktop\bin;C:\Users\thewm\AppData\Roaming\Python\Python312\Scripts;C:\Users\thewm\AppData\Local\Programs\mongosh\;C:\Users\thewm\.dotnet\tools;C:\Users\thewm\AppData\Roaming\Composer\vendor\bin
USERNAME=thewm
OS=Windows_NT
PROCESSOR_IDENTIFIER=Intel64 Family 6 Model 158 Stepping 10, GenuineIntel
TMP=C:\Users\thewm\AppData\Local\Temp
TEMP=C:\Users\thewm\AppData\Local\Temp



---------------  S Y S T E M  ---------------

OS:
 Windows 11 , 64 bit Build 22621 (10.0.22621.3958)
OS uptime: 0 days 16:31 hours
Hyper-V role detected

CPU: total 12 (initial active 12) (6 cores per cpu, 2 threads per core) family 6 model 158 stepping 10 microcode 0xde, cx8, cmov, fxsr, ht, mmx, 3dnowpref, sse, sse2, sse3, ssse3, sse4.1, sse4.2, popcnt, lzcnt, tsc, tscinvbit, avx, avx2, aes, erms, clmul, bmi1, bmi2, adx, fma, vzeroupper, clflush, clflushopt, hv, rdtscp

Memory: 4k page, system-wide physical 12128M (1512M free)
TotalPageFile size 24416M (AvailPageFile size 4838M)
current process WorkingSet (physical memory assigned to process): 246M, peak: 246M
current process commit charge ("private bytes"): 286M, peak: 337M

vm_info: Java HotSpot(TM) 64-Bit Server VM (19.0.2+7-44) for windows-amd64 JRE (19.0.2+7-44), built on 2022-11-30T18:02:09Z by "mach5one" with MS VC++ 17.1 (VS2022)

END.
